<?xml version="1.0" encoding="UTF-8"?>
<!-- Generated by org.testng.reporters.JUnitReportReporter -->
<testsuite skipped="1" hostname="DESKTOP-QJVQ6SO" name="package1.AssertStmt" tests="2" failures="0" timestamp="17 Nov 2018 17:55:48 GMT" time="0.011" errors="0">
  <testcase name="positiveDigit" time="0.011" classname="package1.AssertStmt"/>
  <testcase name="failConsciously" classname="package1.AssertStmt">
    <skipped/>
  </testcase> <!-- failConsciously -->
</testsuite> <!-- package1.AssertStmt -->
